[debug] [2019-05-13T09:13:04.832Z] ----------------------------------------------------------------------
[debug] [2019-05-13T09:13:04.836Z] Command:       C:\Program Files\nodejs\node.exe C:\Users\rickt\AppData\Roaming\npm\node_modules\firebase-tools\lib\bin\firebase.js serve --only functions
[debug] [2019-05-13T09:13:04.836Z] CLI Version:   6.7.1
[debug] [2019-05-13T09:13:04.836Z] Platform:      win32
[debug] [2019-05-13T09:13:04.836Z] Node Version:  v8.11.4
[debug] [2019-05-13T09:13:04.836Z] Time:          Mon May 13 2019 10:13:04 GMT+0100 (West-Europa (standaardtijd))
[debug] [2019-05-13T09:13:04.836Z] ----------------------------------------------------------------------
[debug] 
[debug] [2019-05-13T09:13:04.848Z] > command requires scopes: ["email","openid","https://www.googleapis.com/auth/cloudplatformprojects.readonly","https://www.googleapis.com/auth/firebase","https://www.googleapis.com/auth/cloud-platform"]
[debug] [2019-05-13T09:13:04.848Z] > authorizing via signed-in user
[debug] [2019-05-13T09:13:04.848Z] [iam] checking project trend-analyzer-5f614 for permissions ["firebase.projects.get"]
[debug] [2019-05-13T09:13:04.848Z] >>> HTTP REQUEST POST https://cloudresourcemanager.googleapis.com/v1/projects/trend-analyzer-5f614:testIamPermissions  

[debug] [2019-05-13T09:13:05.624Z] <<< HTTP RESPONSE 200
[debug] [2019-05-13T09:13:05.628Z] >>> HTTP REQUEST GET https://cloudresourcemanager.googleapis.com/v1/projects/trend-analyzer-5f614  
 
[debug] [2019-05-13T09:13:06.408Z] <<< HTTP RESPONSE 200
[info] 
[info] === Serving from 'D:\GitHub\Trend-Analyzer'...
[info] 
[info] i  functions: Preparing to emulate functions.
[debug] [2019-05-13T09:13:07.475Z] Fetching environment
[debug] [2019-05-13T09:13:07.475Z] >>> HTTP REQUEST GET https://mobilesdk-pa.googleapis.com/v1/projects/455578672548:getServerAppConfig  
 
[debug] [2019-05-13T09:13:08.341Z] <<< HTTP RESPONSE 200
[debug] [2019-05-13T09:13:08.341Z] Starting @google-cloud/functions-emulator
[debug] [2019-05-13T09:13:10.420Z] Parsing function triggers
[info] +  functions: api: http://localhost:5000/trend-analyzer-5f614/us-central1/api
